<?xml version="1.0" encoding="utf-8"?><testsuites name="pytest tests"><testsuite name="pytest" errors="0" failures="0" skipped="0" tests="9" time="0.479" timestamp="2025-10-28T22:36:38.933214-06:00" hostname="DESKTOP-VGF9RCT"><testcase classname="test.test_chat_processor" name="test_process_ping_command" time="0.002" /><testcase classname="test.test_chat_processor" name="test_process_hola_command" time="0.001" /><testcase classname="test.test_chat_processor" name="test_process_non_command" time="0.001" /><testcase classname="test.test_pubsub_flow" name="test_ping_flow_integration" time="0.104" /><testcase classname="test.test_sender_api" name="test_send_kick_message_success" time="0.005" /><testcase classname="test.test_sender_api" name="test_send_kick_message_unauthorized" time="0.004" /><testcase classname="test.test_tokens" name="test_load_kick_config_reads_real_file" time="0.001" /><testcase classname="test.test_tokens" name="test_load_kick_config_file_not_found_mocked" time="0.001" /><testcase classname="test.test_tokens" name="test_load_kick_config_invalid_json_mocked" time="0.003" /></testsuite></testsuites>